<?xml version="1.0" encoding="utf-8"?><testsuites name="pytest tests"><testsuite name="pytest" errors="0" failures="0" skipped="0" tests="22" time="1.987" timestamp="2026-01-29T20:18:15.047768+00:00" hostname="agent-env-e4e68816-7bba-4d86-8a0b-8673f94c90c6"><testcase classname="backend.tests.test_pwa_qr_features.TestPWAManifest" name="test_manifest_accessible" time="0.111" /><testcase classname="backend.tests.test_pwa_qr_features.TestPWAManifest" name="test_manifest_valid_json" time="0.035" /><testcase classname="backend.tests.test_pwa_qr_features.TestPWAManifest" name="test_manifest_required_fields" time="0.036" /><testcase classname="backend.tests.test_pwa_qr_features.TestPWAManifest" name="test_manifest_display_standalone" time="0.035" /><testcase classname="backend.tests.test_pwa_qr_features.TestPWAManifest" name="test_manifest_icons_present" time="0.037" /><testcase classname="backend.tests.test_pwa_qr_features.TestPWAManifest" name="test_manifest_theme_color" time="0.038" /><testcase classname="backend.tests.test_pwa_qr_features.TestServiceWorker" name="test_service_worker_accessible" time="0.039" /><testcase classname="backend.tests.test_pwa_qr_features.TestServiceWorker" name="test_service_worker_content" time="0.031" /><testcase classname="backend.tests.test_pwa_qr_features.TestServiceWorker" name="test_service_worker_no_api_caching" time="0.033" /><testcase classname="backend.tests.test_pwa_qr_features.TestProofPackAPI" name="test_proof_pack_accessible_without_auth" time="0.041" /><testcase classname="backend.tests.test_pwa_qr_features.TestProofPackAPI" name="test_proof_pack_returns_case_data" time="0.090" /><testcase classname="backend.tests.test_pwa_qr_features.TestProofPackAPI" name="test_proof_pack_case_details" time="0.037" /><testcase classname="backend.tests.test_pwa_qr_features.TestProofPackAPI" name="test_proof_pack_404_for_invalid_case" time="0.033" /><testcase classname="backend.tests.test_pwa_qr_features.TestProofPackAPI" name="test_proof_pack_submissions_timeline" time="0.038" /><testcase classname="backend.tests.test_pwa_qr_features.TestAuthenticationEndpoints" name="test_cases_list_public" time="0.039" /><testcase classname="backend.tests.test_pwa_qr_features.TestAuthenticationEndpoints" name="test_case_detail_public" time="0.046" /><testcase classname="backend.tests.test_pwa_qr_features.TestAuthenticationEndpoints" name="test_support_requires_auth" time="0.262" /><testcase classname="backend.tests.test_pwa_qr_features.TestAuthenticationEndpoints" name="test_verify_requires_auth" time="0.033" /><testcase classname="backend.tests.test_pwa_qr_features.TestAuthenticationEndpoints" name="test_followup_requires_auth" time="0.034" /><testcase classname="backend.tests.test_pwa_qr_features.TestLoginCredentials" name="test_citizen_login" time="0.277" /><testcase classname="backend.tests.test_pwa_qr_features.TestLoginCredentials" name="test_authority_login" time="0.297" /><testcase classname="backend.tests.test_pwa_qr_features.TestLoginCredentials" name="test_moderator_login" time="0.256" /></testsuite></testsuites>